app/build/intermediates/manifest_merge_blame_file/debug/processDebugMainManifest/manifest-merger-blame-debug-report.txt
1<?xml version="1.0" encoding="utf-8"?>
2<manifest xmlns:android="http://schemas.android.com/apk/res/android"
3    package="com.autodialer"
4    android:versionCode="1"
5    android:versionName="1.0" >
6
7    <uses-sdk
8        android:minSdkVersion="24"
9        android:targetSdkVersion="35" />
10
11    <!-- Permissões básicas -->
12    <uses-permission android:name="android.permission.CALL_PHONE" />
12-->src\main\AndroidManifest.xml:6:5-69
12-->src\main\AndroidManifest.xml:6:22-66
13    <uses-permission android:name="android.permission.READ_PHONE_STATE" />
13-->src\main\AndroidManifest.xml:7:5-75
13-->src\main\AndroidManifest.xml:7:22-72
14    <uses-permission android:name="android.permission.MODIFY_PHONE_STATE" />
14-->src\main\AndroidManifest.xml:8:5-77
14-->src\main\AndroidManifest.xml:8:22-74
15    <uses-permission android:name="android.permission.READ_CALL_LOG" />
15-->src\main\AndroidManifest.xml:9:5-72
15-->src\main\AndroidManifest.xml:9:22-69
16    <uses-permission android:name="android.permission.WRITE_CALL_LOG" />
16-->src\main\AndroidManifest.xml:10:5-73
16-->src\main\AndroidManifest.xml:10:22-70
17    <uses-permission android:name="android.permission.MANAGE_OWN_CALLS" />
17-->src\main\AndroidManifest.xml:11:5-75
17-->src\main\AndroidManifest.xml:11:22-72
18    <uses-permission android:name="android.permission.ANSWER_PHONE_CALLS" />
18-->src\main\AndroidManifest.xml:12:5-77
18-->src\main\AndroidManifest.xml:12:22-74
19
20    <!-- Permissões de rede -->
21    <uses-permission android:name="android.permission.INTERNET" />
21-->src\main\AndroidManifest.xml:15:5-67
21-->src\main\AndroidManifest.xml:15:22-64
22    <uses-permission android:name="android.permission.ACCESS_NETWORK_STATE" />
22-->src\main\AndroidManifest.xml:16:5-79
22-->src\main\AndroidManifest.xml:16:22-76
23    <uses-permission android:name="android.permission.ACCESS_WIFI_STATE" />
23-->src\main\AndroidManifest.xml:17:5-76
23-->src\main\AndroidManifest.xml:17:22-73
24
25    <!-- Permissões de serviço -->
26    <uses-permission android:name="android.permission.FOREGROUND_SERVICE" />
26-->src\main\AndroidManifest.xml:20:5-77
26-->src\main\AndroidManifest.xml:20:22-74
27    <uses-permission android:name="android.permission.FOREGROUND_SERVICE_PHONE_CALL" />
27-->src\main\AndroidManifest.xml:21:5-88
27-->src\main\AndroidManifest.xml:21:22-85
28    <uses-permission android:name="android.permission.WAKE_LOCK" />
28-->src\main\AndroidManifest.xml:22:5-68
28-->src\main\AndroidManifest.xml:22:22-65
29    <uses-permission android:name="android.permission.SYSTEM_ALERT_WINDOW" />
29-->src\main\AndroidManifest.xml:23:5-78
29-->src\main\AndroidManifest.xml:23:22-75
30
31    <!-- Permissões de sistema (root) -->
32    <uses-permission android:name="android.permission.CALL_PRIVILEGED" />
32-->src\main\AndroidManifest.xml:26:5-74
32-->src\main\AndroidManifest.xml:26:22-71
33    <uses-permission android:name="android.permission.MODIFY_AUDIO_SETTINGS" />
33-->src\main\AndroidManifest.xml:27:5-80
33-->src\main\AndroidManifest.xml:27:22-77
34    <uses-permission android:name="android.permission.RECORD_AUDIO" />
34-->src\main\AndroidManifest.xml:28:5-71
34-->src\main\AndroidManifest.xml:28:22-68
35
36    <!-- Permissões para câmera e QR Code -->
37    <uses-permission android:name="android.permission.CAMERA" />
37-->src\main\AndroidManifest.xml:31:5-65
37-->src\main\AndroidManifest.xml:31:22-62
38
39    <uses-feature
39-->src\main\AndroidManifest.xml:32:5-84
40        android:name="android.hardware.camera"
40-->src\main\AndroidManifest.xml:32:19-57
41        android:required="true" />
41-->src\main\AndroidManifest.xml:32:58-81
42    <uses-feature
42-->src\main\AndroidManifest.xml:33:5-95
43        android:name="android.hardware.camera.autofocus"
43-->src\main\AndroidManifest.xml:33:19-67
44        android:required="false" />
44-->src\main\AndroidManifest.xml:33:68-92
45
46    <!-- Features -->
47    <uses-feature
47-->src\main\AndroidManifest.xml:36:5-87
48        android:name="android.hardware.telephony"
48-->src\main\AndroidManifest.xml:36:19-60
49        android:required="true" />
49-->src\main\AndroidManifest.xml:36:61-84
50    <uses-feature
50-->src\main\AndroidManifest.xml:37:5-95
51        android:name="android.software.connectionservice"
51-->src\main\AndroidManifest.xml:37:19-68
52        android:required="true" />
52-->src\main\AndroidManifest.xml:37:69-92
53
54    <permission
54-->[androidx.core:core:1.15.0] AndroidManifest.xml:22:5-24:47
55        android:name="com.autodialer.DYNAMIC_RECEIVER_NOT_EXPORTED_PERMISSION"
55-->[androidx.core:core:1.15.0] AndroidManifest.xml:23:9-81
56        android:protectionLevel="signature" />
56-->[androidx.core:core:1.15.0] AndroidManifest.xml:24:9-44
57
58    <uses-permission android:name="com.autodialer.DYNAMIC_RECEIVER_NOT_EXPORTED_PERMISSION" />
58-->[androidx.core:core:1.15.0] AndroidManifest.xml:26:5-97
58-->[androidx.core:core:1.15.0] AndroidManifest.xml:26:22-94
59
60    <uses-feature
60-->[com.journeyapps:zxing-android-embedded:4.3.0] AndroidManifest.xml:28:5-30:36
61        android:name="android.hardware.camera.front"
61-->[com.journeyapps:zxing-android-embedded:4.3.0] AndroidManifest.xml:29:9-53
62        android:required="false" />
62-->[com.journeyapps:zxing-android-embedded:4.3.0] AndroidManifest.xml:30:9-33
63    <uses-feature
63-->[com.journeyapps:zxing-android-embedded:4.3.0] AndroidManifest.xml:36:5-38:36
64        android:name="android.hardware.camera.flash"
64-->[com.journeyapps:zxing-android-embedded:4.3.0] AndroidManifest.xml:37:9-53
65        android:required="false" />
65-->[com.journeyapps:zxing-android-embedded:4.3.0] AndroidManifest.xml:38:9-33
66    <uses-feature
66-->[com.journeyapps:zxing-android-embedded:4.3.0] AndroidManifest.xml:39:5-41:36
67        android:name="android.hardware.screen.landscape"
67-->[com.journeyapps:zxing-android-embedded:4.3.0] AndroidManifest.xml:40:9-57
68        android:required="false" />
68-->[com.journeyapps:zxing-android-embedded:4.3.0] AndroidManifest.xml:41:9-33
69    <uses-feature
69-->[com.journeyapps:zxing-android-embedded:4.3.0] AndroidManifest.xml:42:5-44:36
70        android:name="android.hardware.wifi"
70-->[com.journeyapps:zxing-android-embedded:4.3.0] AndroidManifest.xml:43:9-45
71        android:required="false" />
71-->[com.journeyapps:zxing-android-embedded:4.3.0] AndroidManifest.xml:44:9-33
72
73    <application
73-->src\main\AndroidManifest.xml:39:5-174:19
74        android:allowBackup="true"
74-->src\main\AndroidManifest.xml:40:9-35
75        android:appComponentFactory="androidx.core.app.CoreComponentFactory"
75-->[androidx.core:core:1.15.0] AndroidManifest.xml:28:18-86
76        android:dataExtractionRules="@xml/data_extraction_rules"
76-->src\main\AndroidManifest.xml:41:9-65
77        android:debuggable="true"
78        android:extractNativeLibs="false"
79        android:fullBackupContent="@xml/backup_rules"
79-->src\main\AndroidManifest.xml:42:9-54
80        android:icon="@drawable/ic_phone"
80-->src\main\AndroidManifest.xml:43:9-42
81        android:label="@string/app_name"
81-->src\main\AndroidManifest.xml:44:9-41
82        android:requestLegacyExternalStorage="true"
82-->src\main\AndroidManifest.xml:47:9-52
83        android:supportsRtl="true"
83-->src\main\AndroidManifest.xml:45:9-35
84        android:testOnly="true"
85        android:theme="@style/Theme.AutoDialer" >
85-->src\main\AndroidManifest.xml:46:9-48
86
87        <!-- Atividade principal -->
88        <activity
88-->src\main\AndroidManifest.xml:51:9-62:20
89            android:name="com.autodialer.MainActivity"
89-->src\main\AndroidManifest.xml:52:13-41
90            android:exported="true"
90-->src\main\AndroidManifest.xml:53:13-36
91            android:launchMode="singleTop" >
91-->src\main\AndroidManifest.xml:54:13-43
92
93            <!-- Intent filter principal -->
94            <intent-filter>
94-->src\main\AndroidManifest.xml:57:13-60:29
95                <action android:name="android.intent.action.MAIN" />
95-->src\main\AndroidManifest.xml:58:17-69
95-->src\main\AndroidManifest.xml:58:25-66
96
97                <category android:name="android.intent.category.LAUNCHER" />
97-->src\main\AndroidManifest.xml:59:17-77
97-->src\main\AndroidManifest.xml:59:27-74
98            </intent-filter>
99        </activity>
100
101        <!-- Atividade do Discador - OBRIGATÓRIA para ser reconhecido como app de telefone -->
102        <activity
102-->src\main\AndroidManifest.xml:65:9-95:20
103            android:name="com.autodialer.DialerActivity"
103-->src\main\AndroidManifest.xml:66:13-43
104            android:exported="true"
104-->src\main\AndroidManifest.xml:67:13-36
105            android:theme="@style/Theme.AutoDialer" >
105-->src\main\AndroidManifest.xml:68:13-52
106
107            <!-- Intent filters essenciais para discador -->
108            <intent-filter>
108-->src\main\AndroidManifest.xml:71:13-74:29
109                <action android:name="android.intent.action.DIAL" />
109-->src\main\AndroidManifest.xml:72:17-69
109-->src\main\AndroidManifest.xml:72:25-66
110
111                <category android:name="android.intent.category.DEFAULT" />
111-->src\main\AndroidManifest.xml:73:17-76
111-->src\main\AndroidManifest.xml:73:27-73
112            </intent-filter>
113            <intent-filter>
113-->src\main\AndroidManifest.xml:76:13-80:29
114                <action android:name="android.intent.action.DIAL" />
114-->src\main\AndroidManifest.xml:72:17-69
114-->src\main\AndroidManifest.xml:72:25-66
115
116                <category android:name="android.intent.category.DEFAULT" />
116-->src\main\AndroidManifest.xml:73:17-76
116-->src\main\AndroidManifest.xml:73:27-73
117
118                <data android:scheme="tel" />
118-->src\main\AndroidManifest.xml:79:17-46
118-->src\main\AndroidManifest.xml:79:23-43
119            </intent-filter>
120            <intent-filter>
120-->src\main\AndroidManifest.xml:82:13-86:29
121                <action android:name="android.intent.action.CALL" />
121-->src\main\AndroidManifest.xml:83:17-69
121-->src\main\AndroidManifest.xml:83:25-66
122
123                <category android:name="android.intent.category.DEFAULT" />
123-->src\main\AndroidManifest.xml:73:17-76
123-->src\main\AndroidManifest.xml:73:27-73
124
125                <data android:scheme="tel" />
125-->src\main\AndroidManifest.xml:79:17-46
125-->src\main\AndroidManifest.xml:79:23-43
126            </intent-filter>
127            <intent-filter>
127-->src\main\AndroidManifest.xml:88:13-93:29
128                <action android:name="android.intent.action.VIEW" />
128-->src\main\AndroidManifest.xml:89:17-69
128-->src\main\AndroidManifest.xml:89:25-66
129
130                <category android:name="android.intent.category.DEFAULT" />
130-->src\main\AndroidManifest.xml:73:17-76
130-->src\main\AndroidManifest.xml:73:27-73
131                <category android:name="android.intent.category.BROWSABLE" />
131-->src\main\AndroidManifest.xml:91:17-78
131-->src\main\AndroidManifest.xml:91:27-75
132
133                <data android:scheme="tel" />
133-->src\main\AndroidManifest.xml:79:17-46
133-->src\main\AndroidManifest.xml:79:23-43
134            </intent-filter>
135        </activity>
136
137        <!-- Atividade de Chamada em Andamento - OBRIGATÓRIA -->
138        <activity
138-->src\main\AndroidManifest.xml:98:9-109:20
139            android:name="com.autodialer.InCallActivity"
139-->src\main\AndroidManifest.xml:99:13-43
140            android:excludeFromRecents="true"
140-->src\main\AndroidManifest.xml:101:13-46
141            android:exported="true"
141-->src\main\AndroidManifest.xml:100:13-36
142            android:launchMode="singleInstance"
142-->src\main\AndroidManifest.xml:102:13-48
143            android:theme="@style/Theme.AutoDialer" >
143-->src\main\AndroidManifest.xml:103:13-52
144            <intent-filter>
144-->src\main\AndroidManifest.xml:105:13-107:29
145                <action android:name="android.telecom.InCallService" />
145-->src\main\AndroidManifest.xml:106:17-72
145-->src\main\AndroidManifest.xml:106:25-69
146            </intent-filter>
147        </activity>
148
149        <!-- Serviço de Chamada - OBRIGATÓRIO para apps de telefone -->
150        <service
150-->src\main\AndroidManifest.xml:112:9-122:19
151            android:name="com.autodialer.service.AutoDialerInCallService"
151-->src\main\AndroidManifest.xml:113:13-60
152            android:exported="true"
152-->src\main\AndroidManifest.xml:115:13-36
153            android:permission="android.permission.BIND_INCALL_SERVICE" >
153-->src\main\AndroidManifest.xml:114:13-72
154            <intent-filter>
154-->src\main\AndroidManifest.xml:105:13-107:29
155                <action android:name="android.telecom.InCallService" />
155-->src\main\AndroidManifest.xml:106:17-72
155-->src\main\AndroidManifest.xml:106:25-69
156            </intent-filter>
157
158            <meta-data
158-->src\main\AndroidManifest.xml:119:13-121:40
159                android:name="android.telecom.IN_CALL_SERVICE_UI"
159-->src\main\AndroidManifest.xml:120:17-66
160                android:value="true" />
160-->src\main\AndroidManifest.xml:121:17-37
161        </service>
162
163        <!-- Serviço principal de discagem -->
164        <service
164-->src\main\AndroidManifest.xml:125:9-129:57
165            android:name="com.autodialer.service.AutoDialerService"
165-->src\main\AndroidManifest.xml:126:13-54
166            android:enabled="true"
166-->src\main\AndroidManifest.xml:127:13-35
167            android:exported="false"
167-->src\main\AndroidManifest.xml:128:13-37
168            android:foregroundServiceType="phoneCall" />
168-->src\main\AndroidManifest.xml:129:13-54
169
170        <!-- Serviço de conexão telecom -->
171        <service
171-->src\main\AndroidManifest.xml:132:9-139:19
172            android:name="com.autodialer.telecom.AutoDialerConnectionService"
172-->src\main\AndroidManifest.xml:133:13-64
173            android:exported="true"
173-->src\main\AndroidManifest.xml:135:13-36
174            android:permission="android.permission.BIND_TELECOM_CONNECTION_SERVICE" >
174-->src\main\AndroidManifest.xml:134:13-84
175            <intent-filter>
175-->src\main\AndroidManifest.xml:136:13-138:29
176                <action android:name="android.telecom.ConnectionService" />
176-->src\main\AndroidManifest.xml:137:17-76
176-->src\main\AndroidManifest.xml:137:25-73
177            </intent-filter>
178        </service>
179
180        <!-- Receptor de chamadas -->
181        <receiver
181-->src\main\AndroidManifest.xml:142:9-149:20
182            android:name="com.autodialer.receiver.CallReceiver"
182-->src\main\AndroidManifest.xml:143:13-50
183            android:enabled="true"
183-->src\main\AndroidManifest.xml:144:13-35
184            android:exported="true" >
184-->src\main\AndroidManifest.xml:145:13-36
185            <intent-filter android:priority="1000" >
185-->src\main\AndroidManifest.xml:146:13-148:29
185-->src\main\AndroidManifest.xml:146:28-51
186                <action android:name="android.intent.action.PHONE_STATE" />
186-->src\main\AndroidManifest.xml:147:17-76
186-->src\main\AndroidManifest.xml:147:25-73
187            </intent-filter>
188        </receiver>
189
190        <!-- Receptor de comandos -->
191        <receiver
191-->src\main\AndroidManifest.xml:152:9-159:20
192            android:name="com.autodialer.receiver.CommandReceiver"
192-->src\main\AndroidManifest.xml:153:13-53
193            android:enabled="true"
193-->src\main\AndroidManifest.xml:154:13-35
194            android:exported="false" >
194-->src\main\AndroidManifest.xml:155:13-37
195            <intent-filter>
195-->src\main\AndroidManifest.xml:156:13-158:29
196                <action android:name="com.autodialer.COMMAND" />
196-->src\main\AndroidManifest.xml:157:17-65
196-->src\main\AndroidManifest.xml:157:25-62
197            </intent-filter>
198        </receiver>
199
200        <!-- Atividade de configuração -->
201        <activity
201-->src\main\AndroidManifest.xml:162:9-165:58
202            android:name="com.autodialer.SettingsActivity"
202-->src\main\AndroidManifest.xml:163:13-45
203            android:exported="false"
203-->src\main\AndroidManifest.xml:164:13-37
204            android:parentActivityName="com.autodialer.MainActivity" />
204-->src\main\AndroidManifest.xml:165:13-55
205
206        <!-- Atividade do Scanner QR Code -->
207        <activity
207-->src\main\AndroidManifest.xml:168:9-172:55
208            android:name="com.autodialer.QRScannerActivity"
208-->src\main\AndroidManifest.xml:169:13-46
209            android:exported="false"
209-->src\main\AndroidManifest.xml:170:13-37
210            android:screenOrientation="portrait"
210-->src\main\AndroidManifest.xml:171:13-49
211            android:theme="@style/Theme.AutoDialer" />
211-->src\main\AndroidManifest.xml:172:13-52
212
213        <!--
214        Service for holding metadata. Cannot be instantiated.
215        Metadata will be merged from other manifests.
216        -->
217        <service
217-->[androidx.camera:camera-core:1.3.1] AndroidManifest.xml:29:9-33:78
218            android:name="androidx.camera.core.impl.MetadataHolderService"
218-->[androidx.camera:camera-core:1.3.1] AndroidManifest.xml:30:13-75
219            android:enabled="false"
219-->[androidx.camera:camera-core:1.3.1] AndroidManifest.xml:31:13-36
220            android:exported="false" >
220-->[androidx.camera:camera-core:1.3.1] AndroidManifest.xml:32:13-37
221            <meta-data
221-->[androidx.camera:camera-camera2:1.3.1] AndroidManifest.xml:30:13-32:89
222                android:name="androidx.camera.core.impl.MetadataHolderService.DEFAULT_CONFIG_PROVIDER"
222-->[androidx.camera:camera-camera2:1.3.1] AndroidManifest.xml:31:17-103
223                android:value="androidx.camera.camera2.Camera2Config$DefaultProvider" />
223-->[androidx.camera:camera-camera2:1.3.1] AndroidManifest.xml:32:17-86
224        </service>
225
226        <provider
226-->[androidx.emoji2:emoji2:1.3.0] AndroidManifest.xml:24:9-32:20
227            android:name="androidx.startup.InitializationProvider"
227-->[androidx.emoji2:emoji2:1.3.0] AndroidManifest.xml:25:13-67
228            android:authorities="com.autodialer.androidx-startup"
228-->[androidx.emoji2:emoji2:1.3.0] AndroidManifest.xml:26:13-68
229            android:exported="false" >
229-->[androidx.emoji2:emoji2:1.3.0] AndroidManifest.xml:27:13-37
230            <meta-data
230-->[androidx.emoji2:emoji2:1.3.0] AndroidManifest.xml:29:13-31:52
231                android:name="androidx.emoji2.text.EmojiCompatInitializer"
231-->[androidx.emoji2:emoji2:1.3.0] AndroidManifest.xml:30:17-75
232                android:value="androidx.startup" />
232-->[androidx.emoji2:emoji2:1.3.0] AndroidManifest.xml:31:17-49
233            <meta-data
233-->[androidx.lifecycle:lifecycle-process:2.8.7] AndroidManifest.xml:29:13-31:52
234                android:name="androidx.lifecycle.ProcessLifecycleInitializer"
234-->[androidx.lifecycle:lifecycle-process:2.8.7] AndroidManifest.xml:30:17-78
235                android:value="androidx.startup" />
235-->[androidx.lifecycle:lifecycle-process:2.8.7] AndroidManifest.xml:31:17-49
236            <meta-data
236-->[androidx.profileinstaller:profileinstaller:1.4.0] AndroidManifest.xml:29:13-31:52
237                android:name="androidx.profileinstaller.ProfileInstallerInitializer"
237-->[androidx.profileinstaller:profileinstaller:1.4.0] AndroidManifest.xml:30:17-85
238                android:value="androidx.startup" />
238-->[androidx.profileinstaller:profileinstaller:1.4.0] AndroidManifest.xml:31:17-49
239        </provider>
240
241        <activity
241-->[com.journeyapps:zxing-android-embedded:4.3.0] AndroidManifest.xml:47:9-53:63
242            android:name="com.journeyapps.barcodescanner.CaptureActivity"
242-->[com.journeyapps:zxing-android-embedded:4.3.0] AndroidManifest.xml:48:13-74
243            android:clearTaskOnLaunch="true"
243-->[com.journeyapps:zxing-android-embedded:4.3.0] AndroidManifest.xml:49:13-45
244            android:screenOrientation="sensorLandscape"
244-->[com.journeyapps:zxing-android-embedded:4.3.0] AndroidManifest.xml:50:13-56
245            android:stateNotNeeded="true"
245-->[com.journeyapps:zxing-android-embedded:4.3.0] AndroidManifest.xml:51:13-42
246            android:theme="@style/zxing_CaptureTheme"
246-->[com.journeyapps:zxing-android-embedded:4.3.0] AndroidManifest.xml:52:13-54
247            android:windowSoftInputMode="stateAlwaysHidden" />
247-->[com.journeyapps:zxing-android-embedded:4.3.0] AndroidManifest.xml:53:13-60
248
249        <receiver
249-->[androidx.profileinstaller:profileinstaller:1.4.0] AndroidManifest.xml:34:9-52:20
250            android:name="androidx.profileinstaller.ProfileInstallReceiver"
250-->[androidx.profileinstaller:profileinstaller:1.4.0] AndroidManifest.xml:35:13-76
251            android:directBootAware="false"
251-->[androidx.profileinstaller:profileinstaller:1.4.0] AndroidManifest.xml:36:13-44
252            android:enabled="true"
252-->[androidx.profileinstaller:profileinstaller:1.4.0] AndroidManifest.xml:37:13-35
253            android:exported="true"
253-->[androidx.profileinstaller:profileinstaller:1.4.0] AndroidManifest.xml:38:13-36
254            android:permission="android.permission.DUMP" >
254-->[androidx.profileinstaller:profileinstaller:1.4.0] AndroidManifest.xml:39:13-57
255            <intent-filter>
255-->[androidx.profileinstaller:profileinstaller:1.4.0] AndroidManifest.xml:40:13-42:29
256                <action android:name="androidx.profileinstaller.action.INSTALL_PROFILE" />
256-->[androidx.profileinstaller:profileinstaller:1.4.0] AndroidManifest.xml:41:17-91
256-->[androidx.profileinstaller:profileinstaller:1.4.0] AndroidManifest.xml:41:25-88
257            </intent-filter>
258            <intent-filter>
258-->[androidx.profileinstaller:profileinstaller:1.4.0] AndroidManifest.xml:43:13-45:29
259                <action android:name="androidx.profileinstaller.action.SKIP_FILE" />
259-->[androidx.profileinstaller:profileinstaller:1.4.0] AndroidManifest.xml:44:17-85
259-->[androidx.profileinstaller:profileinstaller:1.4.0] AndroidManifest.xml:44:25-82
260            </intent-filter>
261            <intent-filter>
261-->[androidx.profileinstaller:profileinstaller:1.4.0] AndroidManifest.xml:46:13-48:29
262                <action android:name="androidx.profileinstaller.action.SAVE_PROFILE" />
262-->[androidx.profileinstaller:profileinstaller:1.4.0] AndroidManifest.xml:47:17-88
262-->[androidx.profileinstaller:profileinstaller:1.4.0] AndroidManifest.xml:47:25-85
263            </intent-filter>
264            <intent-filter>
264-->[androidx.profileinstaller:profileinstaller:1.4.0] AndroidManifest.xml:49:13-51:29
265                <action android:name="androidx.profileinstaller.action.BENCHMARK_OPERATION" />
265-->[androidx.profileinstaller:profileinstaller:1.4.0] AndroidManifest.xml:50:17-95
265-->[androidx.profileinstaller:profileinstaller:1.4.0] AndroidManifest.xml:50:25-92
266            </intent-filter>
267        </receiver>
268    </application>
269
270</manifest>